\BOOKMARK [0][-]{intro.0}{Introduction}{}% 1
\BOOKMARK [0][-]{book1.0}{Book 1}{}% 2
\BOOKMARK [1][-]{def1.1}{Definitions}{book1.0}% 3
\BOOKMARK [1][-]{prop1.1.1}{Proposition 1.1}{book1.0}% 4
\BOOKMARK [1][-]{pdf1.2.1}{Proposition 1.2}{book1.0}% 5
\BOOKMARK [1][-]{pdf1.3.1}{Proposition 1.3}{book1.0}% 6
\BOOKMARK [1][-]{pdf1.4.1}{Proposition 1.4}{book1.0}% 7
\BOOKMARK [1][-]{pdf1.5.1}{Proposition 1.5}{book1.0}% 8
\BOOKMARK [1][-]{pdf1.6.1}{Proposition 1.6}{book1.0}% 9
\BOOKMARK [1][-]{pdf1.7.1}{Proposition 1.7}{book1.0}% 10
\BOOKMARK [1][-]{pdf1.8.1}{Proposition 1.8}{book1.0}% 11
\BOOKMARK [1][-]{pdf1.9.1}{Proposition 1.9}{book1.0}% 12
\BOOKMARK [1][-]{pdf1.10.1}{Proposition 1.10}{book1.0}% 13
\BOOKMARK [1][-]{pdf1.11.1}{Proposition 1.11}{book1.0}% 14
\BOOKMARK [1][-]{pdf1.12.1}{Proposition 1.12}{book1.0}% 15
\BOOKMARK [1][-]{pdf1.13.1}{Proposition 1.13}{book1.0}% 16
\BOOKMARK [1][-]{pdf1.14.1}{Proposition 1.14}{book1.0}% 17
\BOOKMARK [1][-]{pdf1.15.1}{Proposition 1.15}{book1.0}% 18
\BOOKMARK [1][-]{pdf1.16.1}{Proposition 1.16}{book1.0}% 19
\BOOKMARK [1][-]{pdf1.17.1}{Proposition 1.17}{book1.0}% 20
\BOOKMARK [1][-]{pdf1.18.1}{Proposition 1.18}{book1.0}% 21
\BOOKMARK [1][-]{pdf1.19.1}{Proposition 1.19}{book1.0}% 22
\BOOKMARK [1][-]{pdf1.20.1}{Proposition 1.20}{book1.0}% 23
\BOOKMARK [1][-]{pdf1.21.1}{Proposition 1.21}{book1.0}% 24
\BOOKMARK [1][-]{pdf1.22.1}{Proposition 1.22}{book1.0}% 25
\BOOKMARK [1][-]{pdf1.23.1}{Proposition 1.23}{book1.0}% 26
\BOOKMARK [1][-]{pdf1.24.1}{Proposition 1.24}{book1.0}% 27
\BOOKMARK [1][-]{pdf1.25.1}{Proposition 1.25}{book1.0}% 28
\BOOKMARK [1][-]{pdf1.26.1}{Proposition 1.26}{book1.0}% 29
\BOOKMARK [1][-]{pdf1.27.1}{Proposition 1.27}{book1.0}% 30
\BOOKMARK [1][-]{pdf1.28.1}{Proposition 1.28}{book1.0}% 31
\BOOKMARK [1][-]{pdf1.29.1}{Proposition 1.29}{book1.0}% 32
\BOOKMARK [1][-]{pdf1.30.1}{Proposition 1.30}{book1.0}% 33
\BOOKMARK [1][-]{pdf1.31.1}{Proposition 1.31}{book1.0}% 34
\BOOKMARK [1][-]{pdf1.32.1}{Proposition 1.32}{book1.0}% 35
\BOOKMARK [1][-]{pdf1.33.1}{Proposition 1.33}{book1.0}% 36
\BOOKMARK [1][-]{pdf1.34.1}{Proposition 1.34}{book1.0}% 37
\BOOKMARK [1][-]{pdf1.35.1}{Proposition 1.35}{book1.0}% 38
\BOOKMARK [1][-]{pdf1.36.1}{Proposition 1.36}{book1.0}% 39
\BOOKMARK [1][-]{pdf1.37.1}{Proposition 1.37}{book1.0}% 40
\BOOKMARK [1][-]{pdf1.38.1}{Proposition 1.38}{book1.0}% 41
\BOOKMARK [1][-]{pdf1.39.1}{Proposition 1.39}{book1.0}% 42
\BOOKMARK [1][-]{pdf1.40.1}{Proposition 1.40}{book1.0}% 43
\BOOKMARK [1][-]{pdf1.41.1}{Proposition 1.41}{book1.0}% 44
\BOOKMARK [1][-]{pdf1.42.1}{Proposition 1.42}{book1.0}% 45
\BOOKMARK [1][-]{pdf1.43.1}{Proposition 1.43}{book1.0}% 46
\BOOKMARK [1][-]{pdf1.44.1}{Proposition 1.44}{book1.0}% 47
\BOOKMARK [1][-]{pdf1.45.1}{Proposition 1.45}{book1.0}% 48
\BOOKMARK [1][-]{pdf1.46.1}{Proposition 1.46}{book1.0}% 49
\BOOKMARK [1][-]{pdf1.47.1}{Proposition 1.47}{book1.0}% 50
\BOOKMARK [1][-]{pdf1.48.1}{Proposition 1.48}{book1.0}% 51
\BOOKMARK [0][-]{book2.0}{Book 2}{}% 52
\BOOKMARK [1][-]{def2.1}{Definitions}{book2.0}% 53
\BOOKMARK [1][-]{pdf2.1.1}{Proposition 2.1}{book2.0}% 54
\BOOKMARK [1][-]{pdf2.2.1}{Proposition 2.2}{book2.0}% 55
\BOOKMARK [1][-]{pdf2.3.1}{Proposition 2.3}{book2.0}% 56
\BOOKMARK [1][-]{pdf2.4.1}{Proposition 2.4}{book2.0}% 57
\BOOKMARK [1][-]{pdf2.5.1}{Proposition 2.5}{book2.0}% 58
\BOOKMARK [1][-]{pdf2.6.1}{Proposition 2.6}{book2.0}% 59
\BOOKMARK [1][-]{pdf2.7.1}{Proposition 2.7}{book2.0}% 60
\BOOKMARK [1][-]{pdf2.8.1}{Proposition 2.8}{book2.0}% 61
\BOOKMARK [1][-]{pdf2.9.1}{Proposition 2.9}{book2.0}% 62
\BOOKMARK [1][-]{pdf2.10.1}{Proposition 2.10}{book2.0}% 63
\BOOKMARK [1][-]{pdf2.11.1}{Proposition 2.11}{book2.0}% 64
\BOOKMARK [1][-]{pdf2.12.1}{Proposition 2.12}{book2.0}% 65
\BOOKMARK [1][-]{pdf2.13.1}{Proposition 2.13}{book2.0}% 66
\BOOKMARK [1][-]{pdf2.14.1}{Proposition 2.14}{book2.0}% 67
\BOOKMARK [0][-]{book3.0}{Book 3}{}% 68
\BOOKMARK [1][-]{def3.1}{Definitions}{book3.0}% 69
\BOOKMARK [1][-]{pdf3.1.1}{Proposition 3.1}{book3.0}% 70
\BOOKMARK [1][-]{pdf3.2.1}{Proposition 3.2}{book3.0}% 71
\BOOKMARK [1][-]{pdf3.3.1}{Proposition 3.3}{book3.0}% 72
\BOOKMARK [1][-]{pdf3.4.1}{Proposition 3.4}{book3.0}% 73
\BOOKMARK [1][-]{pdf3.5.1}{Proposition 3.5}{book3.0}% 74
\BOOKMARK [1][-]{pdf3.6.1}{Proposition 3.6}{book3.0}% 75
\BOOKMARK [1][-]{pdf3.7.1}{Proposition 3.7}{book3.0}% 76
\BOOKMARK [1][-]{pdf3.8.1}{Proposition 3.8}{book3.0}% 77
\BOOKMARK [1][-]{pdf3.9.1}{Proposition 3.9}{book3.0}% 78
\BOOKMARK [1][-]{pdf3.10.1}{Proposition 3.10}{book3.0}% 79
\BOOKMARK [1][-]{pdf3.11.1}{Proposition 3.11}{book3.0}% 80
\BOOKMARK [1][-]{pdf3.12.1}{Proposition 3.12}{book3.0}% 81
\BOOKMARK [1][-]{pdf3.13.1}{Proposition 3.13}{book3.0}% 82
\BOOKMARK [1][-]{pdf3.14.1}{Proposition 3.14}{book3.0}% 83
\BOOKMARK [1][-]{pdf3.15.1}{Proposition 3.15}{book3.0}% 84
\BOOKMARK [1][-]{pdf3.16.1}{Proposition 3.16}{book3.0}% 85
\BOOKMARK [1][-]{pdf3.17.1}{Proposition 3.17}{book3.0}% 86
\BOOKMARK [1][-]{pdf3.18.1}{Proposition 3.18}{book3.0}% 87
\BOOKMARK [1][-]{pdf3.19.1}{Proposition 3.19}{book3.0}% 88
\BOOKMARK [1][-]{pdf3.20.1}{Proposition 3.20}{book3.0}% 89
\BOOKMARK [1][-]{pdf3.21.1}{Proposition 3.21}{book3.0}% 90
\BOOKMARK [1][-]{pdf3.22.1}{Proposition 3.22}{book3.0}% 91
\BOOKMARK [1][-]{pdf3.23.1}{Proposition 3.23}{book3.0}% 92
\BOOKMARK [1][-]{pdf3.24.1}{Proposition 3.24}{book3.0}% 93
\BOOKMARK [1][-]{pdf3.25.1}{Proposition 3.25}{book3.0}% 94
\BOOKMARK [1][-]{pdf3.26.1}{Proposition 3.26}{book3.0}% 95
\BOOKMARK [1][-]{pdf3.27.1}{Proposition 3.27}{book3.0}% 96
\BOOKMARK [1][-]{pdf3.28.1}{Proposition 3.28}{book3.0}% 97
\BOOKMARK [1][-]{pdf3.29.1}{Proposition 3.29}{book3.0}% 98
\BOOKMARK [1][-]{pdf3.30.1}{Proposition 3.30}{book3.0}% 99
\BOOKMARK [1][-]{pdf3.31.1}{Proposition 3.31}{book3.0}% 100
\BOOKMARK [1][-]{pdf3.32.1}{Proposition 3.32}{book3.0}% 101
\BOOKMARK [1][-]{pdf3.33.1}{Proposition 3.33}{book3.0}% 102
\BOOKMARK [1][-]{pdf3.34.1}{Proposition 3.34}{book3.0}% 103
\BOOKMARK [1][-]{pdf3.35.1}{Proposition 3.35}{book3.0}% 104
\BOOKMARK [1][-]{pdf3.36.1}{Proposition 3.36}{book3.0}% 105
\BOOKMARK [1][-]{pdf3.37.1}{Proposition 3.37}{book3.0}% 106
\BOOKMARK [0][-]{book4.0}{Book 4}{}% 107
\BOOKMARK [1][-]{def4.1}{Definitions}{book4.0}% 108
\BOOKMARK [1][-]{pdf4.1.1}{Proposition 4.1}{book4.0}% 109
\BOOKMARK [1][-]{pdf4.2.1}{Proposition 4.2}{book4.0}% 110
\BOOKMARK [1][-]{pdf4.3.1}{Proposition 4.3}{book4.0}% 111
\BOOKMARK [1][-]{pdf4.4.1}{Proposition 4.4}{book4.0}% 112
\BOOKMARK [1][-]{pdf4.5.1}{Proposition 4.5}{book4.0}% 113
\BOOKMARK [1][-]{pdf4.6.1}{Proposition 4.6}{book4.0}% 114
\BOOKMARK [1][-]{pdf4.7.1}{Proposition 4.7}{book4.0}% 115
\BOOKMARK [1][-]{pdf4.8.1}{Proposition 4.8}{book4.0}% 116
\BOOKMARK [1][-]{pdf4.9.1}{Proposition 4.9}{book4.0}% 117
\BOOKMARK [1][-]{pdf4.10.1}{Proposition 4.10}{book4.0}% 118
\BOOKMARK [1][-]{pdf4.11.1}{Proposition 4.11}{book4.0}% 119
\BOOKMARK [1][-]{pdf4.12.1}{Proposition 4.12}{book4.0}% 120
\BOOKMARK [1][-]{pdf4.13.1}{Proposition 4.13}{book4.0}% 121
\BOOKMARK [1][-]{pdf4.14.1}{Proposition 4.14}{book4.0}% 122
\BOOKMARK [1][-]{pdf4.15.1}{Proposition 4.15}{book4.0}% 123
\BOOKMARK [1][-]{pdf4.16.1}{Proposition 4.16}{book4.0}% 124
\BOOKMARK [0][-]{book5.0}{Book 5}{}% 125
\BOOKMARK [1][-]{def5.1}{Definitions}{book5.0}% 126
\BOOKMARK [1][-]{pdf5.1.1}{Proposition 5.1}{book5.0}% 127
\BOOKMARK [1][-]{pdf5.2.1}{Proposition 5.2}{book5.0}% 128
\BOOKMARK [1][-]{pdf5.3.1}{Proposition 5.3}{book5.0}% 129
\BOOKMARK [1][-]{pdf5.4.1}{Proposition 5.4}{book5.0}% 130
\BOOKMARK [1][-]{pdf5.5.1}{Proposition 5.5}{book5.0}% 131
\BOOKMARK [1][-]{pdf5.6.1}{Proposition 5.6}{book5.0}% 132
\BOOKMARK [1][-]{pdf5.7.1}{Proposition 5.7}{book5.0}% 133
\BOOKMARK [1][-]{pdf5.8.1}{Proposition 5.8}{book5.0}% 134
\BOOKMARK [1][-]{pdf5.9.1}{Proposition 5.9}{book5.0}% 135
\BOOKMARK [1][-]{pdf5.10.1}{Proposition 5.10}{book5.0}% 136
\BOOKMARK [1][-]{pdf5.11.1}{Proposition 5.11}{book5.0}% 137
\BOOKMARK [1][-]{pdf5.12.1}{Proposition 5.12}{book5.0}% 138
\BOOKMARK [1][-]{pdf5.13.1}{Proposition 5.13}{book5.0}% 139
\BOOKMARK [1][-]{pdf5.14.1}{Proposition 5.14}{book5.0}% 140
\BOOKMARK [1][-]{pdf5.15.1}{Proposition 5.15}{book5.0}% 141
\BOOKMARK [1][-]{pdf5.16.1}{Proposition 5.16}{book5.0}% 142
\BOOKMARK [1][-]{pdf5.17.1}{Proposition 5.17}{book5.0}% 143
\BOOKMARK [1][-]{pdf5.18.1}{Proposition 5.18}{book5.0}% 144
\BOOKMARK [1][-]{pdf5.19.1}{Proposition 5.19}{book5.0}% 145
\BOOKMARK [1][-]{pdf5.20.1}{Proposition 5.20}{book5.0}% 146
\BOOKMARK [1][-]{pdf5.21.1}{Proposition 5.21}{book5.0}% 147
\BOOKMARK [1][-]{pdf5.22.1}{Proposition 5.22}{book5.0}% 148
\BOOKMARK [1][-]{pdf5.23.1}{Proposition 5.23}{book5.0}% 149
\BOOKMARK [1][-]{pdf5.24.1}{Proposition 5.24}{book5.0}% 150
\BOOKMARK [1][-]{pdf5.25.1}{Proposition 5.25}{book5.0}% 151
\BOOKMARK [0][-]{book6.0}{Book 6}{}% 152
\BOOKMARK [1][-]{def6.1}{Definitions}{book6.0}% 153
\BOOKMARK [1][-]{pdf6.1.1}{Proposition 6.1}{book6.0}% 154
\BOOKMARK [1][-]{pdf6.2.1}{Proposition 6.2}{book6.0}% 155
\BOOKMARK [1][-]{pdf6.3.1}{Proposition 6.3}{book6.0}% 156
\BOOKMARK [1][-]{pdf6.4.1}{Proposition 6.4}{book6.0}% 157
\BOOKMARK [1][-]{pdf6.5.1}{Proposition 6.5}{book6.0}% 158
\BOOKMARK [1][-]{pdf6.6.1}{Proposition 6.6}{book6.0}% 159
\BOOKMARK [1][-]{pdf6.7.1}{Proposition 6.7}{book6.0}% 160
\BOOKMARK [1][-]{pdf6.8.1}{Proposition 6.8}{book6.0}% 161
\BOOKMARK [1][-]{pdf6.9.1}{Proposition 6.9}{book6.0}% 162
\BOOKMARK [1][-]{pdf6.10.1}{Proposition 6.10}{book6.0}% 163
\BOOKMARK [1][-]{pdf6.11.1}{Proposition 6.11}{book6.0}% 164
\BOOKMARK [1][-]{pdf6.12.1}{Proposition 6.12}{book6.0}% 165
\BOOKMARK [1][-]{pdf6.13.1}{Proposition 6.13}{book6.0}% 166
\BOOKMARK [1][-]{pdf6.14.1}{Proposition 6.14}{book6.0}% 167
\BOOKMARK [1][-]{pdf6.15.1}{Proposition 6.15}{book6.0}% 168
\BOOKMARK [1][-]{pdf6.16.1}{Proposition 6.16}{book6.0}% 169
\BOOKMARK [1][-]{pdf6.17.1}{Proposition 6.17}{book6.0}% 170
\BOOKMARK [1][-]{pdf6.18.1}{Proposition 6.18}{book6.0}% 171
\BOOKMARK [1][-]{pdf6.19.1}{Proposition 6.19}{book6.0}% 172
\BOOKMARK [1][-]{pdf6.20.1}{Proposition 6.20}{book6.0}% 173
\BOOKMARK [1][-]{pdf6.21.1}{Proposition 6.21}{book6.0}% 174
\BOOKMARK [1][-]{pdf6.22.1}{Proposition 6.22}{book6.0}% 175
\BOOKMARK [1][-]{pdf6.23.1}{Proposition 6.23}{book6.0}% 176
\BOOKMARK [1][-]{pdf6.24.1}{Proposition 6.24}{book6.0}% 177
\BOOKMARK [1][-]{pdf6.25.1}{Proposition 6.25}{book6.0}% 178
\BOOKMARK [1][-]{pdf6.26.1}{Proposition 6.26}{book6.0}% 179
\BOOKMARK [1][-]{pdf6.27.1}{Proposition 6.27}{book6.0}% 180
\BOOKMARK [1][-]{pdf6.28.1}{Proposition 6.28}{book6.0}% 181
\BOOKMARK [1][-]{pdf6.29.1}{Proposition 6.29}{book6.0}% 182
\BOOKMARK [1][-]{pdf6.30.1}{Proposition 6.30}{book6.0}% 183
\BOOKMARK [1][-]{pdf6.31.1}{Proposition 6.31}{book6.0}% 184
\BOOKMARK [1][-]{pdf6.32.1}{Proposition 6.32}{book6.0}% 185
\BOOKMARK [1][-]{pdf6.33.1}{Proposition 6.33}{book6.0}% 186
\BOOKMARK [0][-]{book7.0}{Book 7}{}% 187
\BOOKMARK [1][-]{def7.1}{Definitions}{book7.0}% 188
\BOOKMARK [1][-]{pdf7.1.1}{Proposition 7.1}{book7.0}% 189
\BOOKMARK [1][-]{pdf7.2.1}{Proposition 7.2}{book7.0}% 190
\BOOKMARK [1][-]{pdf7.3.1}{Proposition 7.3}{book7.0}% 191
\BOOKMARK [1][-]{pdf7.4.1}{Proposition 7.4}{book7.0}% 192
\BOOKMARK [1][-]{pdf7.5.1}{Proposition 7.5}{book7.0}% 193
\BOOKMARK [1][-]{pdf7.6.1}{Proposition 7.6}{book7.0}% 194
\BOOKMARK [1][-]{pdf7.7.1}{Proposition 7.7}{book7.0}% 195
\BOOKMARK [1][-]{pdf7.8.1}{Proposition 7.8}{book7.0}% 196
\BOOKMARK [1][-]{pdf7.9.1}{Proposition 7.9}{book7.0}% 197
\BOOKMARK [1][-]{pdf7.10.1}{Proposition 7.10}{book7.0}% 198
\BOOKMARK [1][-]{pdf7.11.1}{Proposition 7.11}{book7.0}% 199
\BOOKMARK [1][-]{pdf7.12.1}{Proposition 7.12}{book7.0}% 200
\BOOKMARK [1][-]{pdf7.13.1}{Proposition 7.13}{book7.0}% 201
\BOOKMARK [1][-]{pdf7.14.1}{Proposition 7.14}{book7.0}% 202
\BOOKMARK [1][-]{pdf7.15.1}{Proposition 7.15}{book7.0}% 203
\BOOKMARK [1][-]{pdf7.16.1}{Proposition 7.16}{book7.0}% 204
\BOOKMARK [1][-]{pdf7.17.1}{Proposition 7.17}{book7.0}% 205
\BOOKMARK [1][-]{pdf7.18.1}{Proposition 7.18}{book7.0}% 206
\BOOKMARK [1][-]{pdf7.19.1}{Proposition 7.19}{book7.0}% 207
\BOOKMARK [1][-]{pdf7.20.1}{Proposition 7.20}{book7.0}% 208
\BOOKMARK [1][-]{pdf7.21.1}{Proposition 7.21}{book7.0}% 209
\BOOKMARK [1][-]{pdf7.22.1}{Proposition 7.22}{book7.0}% 210
\BOOKMARK [1][-]{pdf7.23.1}{Proposition 7.23}{book7.0}% 211
\BOOKMARK [1][-]{pdf7.24.1}{Proposition 7.24}{book7.0}% 212
\BOOKMARK [1][-]{pdf7.25.1}{Proposition 7.25}{book7.0}% 213
\BOOKMARK [1][-]{pdf7.26.1}{Proposition 7.26}{book7.0}% 214
\BOOKMARK [1][-]{pdf7.27.1}{Proposition 7.27}{book7.0}% 215
\BOOKMARK [1][-]{pdf7.28.1}{Proposition 7.28}{book7.0}% 216
\BOOKMARK [1][-]{pdf7.29.1}{Proposition 7.29}{book7.0}% 217
\BOOKMARK [1][-]{pdf7.30.1}{Proposition 7.30}{book7.0}% 218
\BOOKMARK [1][-]{pdf7.31.1}{Proposition 7.31}{book7.0}% 219
\BOOKMARK [1][-]{pdf7.32.1}{Proposition 7.32}{book7.0}% 220
\BOOKMARK [1][-]{pdf7.33.1}{Proposition 7.33}{book7.0}% 221
\BOOKMARK [1][-]{pdf7.34.1}{Proposition 7.34}{book7.0}% 222
\BOOKMARK [1][-]{pdf7.35.1}{Proposition 7.35}{book7.0}% 223
\BOOKMARK [1][-]{pdf7.36.1}{Proposition 7.36}{book7.0}% 224
\BOOKMARK [1][-]{pdf7.37.1}{Proposition 7.37}{book7.0}% 225
\BOOKMARK [1][-]{pdf7.38.1}{Proposition 7.38}{book7.0}% 226
\BOOKMARK [1][-]{pdf7.39.1}{Proposition 7.39}{book7.0}% 227
\BOOKMARK [0][-]{book8.0}{Book 8}{}% 228
\BOOKMARK [1][-]{pdf8.1.1}{Proposition 8.1}{book8.0}% 229
\BOOKMARK [1][-]{pdf8.2.1}{Proposition 8.2}{book8.0}% 230
\BOOKMARK [1][-]{pdf8.3.1}{Proposition 8.3}{book8.0}% 231
\BOOKMARK [1][-]{pdf8.4.1}{Proposition 8.4}{book8.0}% 232
\BOOKMARK [1][-]{pdf8.5.1}{Proposition 8.5}{book8.0}% 233
\BOOKMARK [1][-]{pdf8.6.1}{Proposition 8.6}{book8.0}% 234
\BOOKMARK [1][-]{pdf8.7.1}{Proposition 8.7}{book8.0}% 235
\BOOKMARK [1][-]{pdf8.8.1}{Proposition 8.8}{book8.0}% 236
\BOOKMARK [1][-]{pdf8.9.1}{Proposition 8.9}{book8.0}% 237
\BOOKMARK [1][-]{pdf8.10.1}{Proposition 8.10}{book8.0}% 238
\BOOKMARK [1][-]{pdf8.11.1}{Proposition 8.11}{book8.0}% 239
\BOOKMARK [1][-]{pdf8.12.1}{Proposition 8.12}{book8.0}% 240
\BOOKMARK [1][-]{pdf8.13.1}{Proposition 8.13}{book8.0}% 241
\BOOKMARK [1][-]{pdf8.14.1}{Proposition 8.14}{book8.0}% 242
\BOOKMARK [1][-]{pdf8.15.1}{Proposition 8.15}{book8.0}% 243
\BOOKMARK [1][-]{pdf8.16.1}{Proposition 8.16}{book8.0}% 244
\BOOKMARK [1][-]{pdf8.17.1}{Proposition 8.17}{book8.0}% 245
\BOOKMARK [1][-]{pdf8.18.1}{Proposition 8.18}{book8.0}% 246
\BOOKMARK [1][-]{pdf8.19.1}{Proposition 8.19}{book8.0}% 247
\BOOKMARK [1][-]{pdf8.20.1}{Proposition 8.20}{book8.0}% 248
\BOOKMARK [1][-]{pdf8.21.1}{Proposition 8.21}{book8.0}% 249
\BOOKMARK [1][-]{pdf8.22.1}{Proposition 8.22}{book8.0}% 250
\BOOKMARK [1][-]{pdf8.23.1}{Proposition 8.23}{book8.0}% 251
\BOOKMARK [1][-]{pdf8.24.1}{Proposition 8.24}{book8.0}% 252
\BOOKMARK [1][-]{pdf8.25.1}{Proposition 8.25}{book8.0}% 253
\BOOKMARK [1][-]{pdf8.26.1}{Proposition 8.26}{book8.0}% 254
\BOOKMARK [1][-]{pdf8.27.1}{Proposition 8.27}{book8.0}% 255
\BOOKMARK [0][-]{book9.0}{Book 9}{}% 256
\BOOKMARK [1][-]{pdf9.1.1}{Proposition 9.1}{book9.0}% 257
\BOOKMARK [1][-]{pdf9.2.1}{Proposition 9.2}{book9.0}% 258
\BOOKMARK [1][-]{pdf9.3.1}{Proposition 9.3}{book9.0}% 259
\BOOKMARK [1][-]{pdf9.4.1}{Proposition 9.4}{book9.0}% 260
\BOOKMARK [1][-]{pdf9.5.1}{Proposition 9.5}{book9.0}% 261
\BOOKMARK [1][-]{pdf9.6.1}{Proposition 9.6}{book9.0}% 262
\BOOKMARK [1][-]{pdf9.7.1}{Proposition 9.7}{book9.0}% 263
\BOOKMARK [1][-]{pdf9.8.1}{Proposition 9.8}{book9.0}% 264
\BOOKMARK [1][-]{pdf9.9.1}{Proposition 9.9}{book9.0}% 265
\BOOKMARK [1][-]{pdf9.10.1}{Proposition 9.10}{book9.0}% 266
\BOOKMARK [1][-]{pdf9.11.1}{Proposition 9.11}{book9.0}% 267
\BOOKMARK [1][-]{pdf9.12.1}{Proposition 9.12}{book9.0}% 268
\BOOKMARK [1][-]{pdf9.13.1}{Proposition 9.13}{book9.0}% 269
\BOOKMARK [1][-]{pdf9.14.1}{Proposition 9.14}{book9.0}% 270
\BOOKMARK [1][-]{pdf9.15.1}{Proposition 9.15}{book9.0}% 271
\BOOKMARK [1][-]{pdf9.16.1}{Proposition 9.16}{book9.0}% 272
\BOOKMARK [1][-]{pdf9.17.1}{Proposition 9.17}{book9.0}% 273
\BOOKMARK [1][-]{pdf9.18.1}{Proposition 9.18}{book9.0}% 274
\BOOKMARK [1][-]{pdf9.19.1}{Proposition 9.19}{book9.0}% 275
\BOOKMARK [1][-]{pdf9.20.1}{Proposition 9.20}{book9.0}% 276
\BOOKMARK [1][-]{pdf9.21.1}{Proposition 9.21}{book9.0}% 277
\BOOKMARK [1][-]{pdf9.22.1}{Proposition 9.22}{book9.0}% 278
\BOOKMARK [1][-]{pdf9.23.1}{Proposition 9.23}{book9.0}% 279
\BOOKMARK [1][-]{pdf9.24.1}{Proposition 9.24}{book9.0}% 280
\BOOKMARK [1][-]{pdf9.25.1}{Proposition 9.25}{book9.0}% 281
\BOOKMARK [1][-]{pdf9.26.1}{Proposition 9.26}{book9.0}% 282
\BOOKMARK [1][-]{pdf9.27.1}{Proposition 9.27}{book9.0}% 283
\BOOKMARK [1][-]{pdf9.28.1}{Proposition 9.28}{book9.0}% 284
\BOOKMARK [1][-]{pdf9.29.1}{Proposition 9.29}{book9.0}% 285
\BOOKMARK [1][-]{pdf9.30.1}{Proposition 9.30}{book9.0}% 286
\BOOKMARK [1][-]{pdf9.31.1}{Proposition 9.31}{book9.0}% 287
\BOOKMARK [1][-]{pdf9.32.1}{Proposition 9.32}{book9.0}% 288
\BOOKMARK [1][-]{pdf9.33.1}{Proposition 9.33}{book9.0}% 289
\BOOKMARK [1][-]{pdf9.34.1}{Proposition 9.34}{book9.0}% 290
\BOOKMARK [1][-]{pdf9.35.1}{Proposition 9.35}{book9.0}% 291
\BOOKMARK [1][-]{pdf9.36.1}{Proposition 9.36}{book9.0}% 292
\BOOKMARK [0][-]{book10.0}{Book 10}{}% 293
\BOOKMARK [1][-]{def10.1.1}{Definitions I}{book10.0}% 294
\BOOKMARK [1][-]{pdf10.1.1}{Proposition 10.1}{book10.0}% 295
\BOOKMARK [1][-]{pdf10.2.1}{Proposition 10.2}{book10.0}% 296
\BOOKMARK [1][-]{pdf10.3.1}{Proposition 10.3}{book10.0}% 297
\BOOKMARK [1][-]{pdf10.4.1}{Proposition 10.4}{book10.0}% 298
\BOOKMARK [1][-]{pdf10.5.1}{Proposition 10.5}{book10.0}% 299
\BOOKMARK [1][-]{pdf10.6.1}{Proposition 10.6}{book10.0}% 300
\BOOKMARK [1][-]{pdf10.7.1}{Proposition 10.7}{book10.0}% 301
\BOOKMARK [1][-]{pdf10.8.1}{Proposition 10.8}{book10.0}% 302
\BOOKMARK [1][-]{pdf10.9.1}{Proposition 10.9}{book10.0}% 303
\BOOKMARK [1][-]{pdf10.10.1}{Proposition 10.10}{book10.0}% 304
\BOOKMARK [1][-]{pdf10.11.1}{Proposition 10.11}{book10.0}% 305
\BOOKMARK [1][-]{pdf10.12.1}{Proposition 10.12}{book10.0}% 306
\BOOKMARK [1][-]{pdf10.13.1}{Proposition 10.13}{book10.0}% 307
\BOOKMARK [1][-]{pdf10.14.1}{Proposition 10.14}{book10.0}% 308
\BOOKMARK [1][-]{pdf10.15.1}{Proposition 10.15}{book10.0}% 309
\BOOKMARK [1][-]{pdf10.16.1}{Proposition 10.16}{book10.0}% 310
\BOOKMARK [1][-]{pdf10.17.1}{Proposition 10.17}{book10.0}% 311
\BOOKMARK [1][-]{pdf10.18.1}{Proposition 10.18}{book10.0}% 312
\BOOKMARK [1][-]{pdf10.19.1}{Proposition 10.19}{book10.0}% 313
\BOOKMARK [1][-]{pdf10.20.1}{Proposition 10.20}{book10.0}% 314
\BOOKMARK [1][-]{pdf10.21.1}{Proposition 10.21}{book10.0}% 315
\BOOKMARK [1][-]{pdf10.22.1}{Proposition 10.22}{book10.0}% 316
\BOOKMARK [1][-]{pdf10.23.1}{Proposition 10.23}{book10.0}% 317
\BOOKMARK [1][-]{pdf10.24.1}{Proposition 10.24}{book10.0}% 318
\BOOKMARK [1][-]{pdf10.25.1}{Proposition 10.25}{book10.0}% 319
\BOOKMARK [1][-]{pdf10.26.1}{Proposition 10.26}{book10.0}% 320
\BOOKMARK [1][-]{pdf10.27.1}{Proposition 10.27}{book10.0}% 321
\BOOKMARK [1][-]{pdf10.28.1}{Proposition 10.28}{book10.0}% 322
\BOOKMARK [1][-]{pdf10.29.1}{Proposition 10.29}{book10.0}% 323
\BOOKMARK [1][-]{pdf10.30.1}{Proposition 10.30}{book10.0}% 324
\BOOKMARK [1][-]{pdf10.31.1}{Proposition 10.31}{book10.0}% 325
\BOOKMARK [1][-]{pdf10.32.1}{Proposition 10.32}{book10.0}% 326
\BOOKMARK [1][-]{pdf10.33.1}{Proposition 10.33}{book10.0}% 327
\BOOKMARK [1][-]{pdf10.34.1}{Proposition 10.34}{book10.0}% 328
\BOOKMARK [1][-]{pdf10.35.1}{Proposition 10.35}{book10.0}% 329
\BOOKMARK [1][-]{pdf10.36.1}{Proposition 10.36}{book10.0}% 330
\BOOKMARK [1][-]{pdf10.37.1}{Proposition 10.37}{book10.0}% 331
\BOOKMARK [1][-]{pdf10.38.1}{Proposition 10.38}{book10.0}% 332
\BOOKMARK [1][-]{pdf10.39.1}{Proposition 10.39}{book10.0}% 333
\BOOKMARK [1][-]{pdf10.40.1}{Proposition 10.40}{book10.0}% 334
\BOOKMARK [1][-]{pdf10.41.1}{Proposition 10.41}{book10.0}% 335
\BOOKMARK [1][-]{pdf10.42.1}{Proposition 10.42}{book10.0}% 336
\BOOKMARK [1][-]{pdf10.43.1}{Proposition 10.43}{book10.0}% 337
\BOOKMARK [1][-]{pdf10.44.1}{Proposition 10.44}{book10.0}% 338
\BOOKMARK [1][-]{pdf10.45.1}{Proposition 10.45}{book10.0}% 339
\BOOKMARK [1][-]{pdf10.46.1}{Proposition 10.46}{book10.0}% 340
\BOOKMARK [1][-]{pdf10.47.1}{Proposition 10.47}{book10.0}% 341
\BOOKMARK [1][-]{def10.2.1}{Definitions II}{book10.0}% 342
\BOOKMARK [1][-]{pdf10.48.1}{Proposition 10.48}{book10.0}% 343
\BOOKMARK [1][-]{pdf10.49.1}{Proposition 10.49}{book10.0}% 344
\BOOKMARK [1][-]{pdf10.50.1}{Proposition 10.50}{book10.0}% 345
\BOOKMARK [1][-]{pdf10.51.1}{Proposition 10.51}{book10.0}% 346
\BOOKMARK [1][-]{pdf10.52.1}{Proposition 10.52}{book10.0}% 347
\BOOKMARK [1][-]{pdf10.53.1}{Proposition 10.53}{book10.0}% 348
\BOOKMARK [1][-]{pdf10.54.1}{Proposition 10.54}{book10.0}% 349
\BOOKMARK [1][-]{pdf10.55.1}{Proposition 10.55}{book10.0}% 350
\BOOKMARK [1][-]{pdf10.56.1}{Proposition 10.56}{book10.0}% 351
\BOOKMARK [1][-]{pdf10.57.1}{Proposition 10.57}{book10.0}% 352
\BOOKMARK [1][-]{pdf10.58.1}{Proposition 10.58}{book10.0}% 353
\BOOKMARK [1][-]{pdf10.59.1}{Proposition 10.59}{book10.0}% 354
\BOOKMARK [1][-]{pdf10.60.1}{Proposition 10.60}{book10.0}% 355
\BOOKMARK [1][-]{pdf10.61.1}{Proposition 10.61}{book10.0}% 356
\BOOKMARK [1][-]{pdf10.62.1}{Proposition 10.62}{book10.0}% 357
\BOOKMARK [1][-]{pdf10.63.1}{Proposition 10.63}{book10.0}% 358
\BOOKMARK [1][-]{pdf10.64.1}{Proposition 10.64}{book10.0}% 359
\BOOKMARK [1][-]{pdf10.65.1}{Proposition 10.65}{book10.0}% 360
\BOOKMARK [1][-]{pdf10.66.1}{Proposition 10.66}{book10.0}% 361
\BOOKMARK [1][-]{pdf10.67.1}{Proposition 10.67}{book10.0}% 362
\BOOKMARK [1][-]{pdf10.68.1}{Proposition 10.68}{book10.0}% 363
\BOOKMARK [1][-]{pdf10.69.1}{Proposition 10.69}{book10.0}% 364
\BOOKMARK [1][-]{pdf10.70.1}{Proposition 10.70}{book10.0}% 365
\BOOKMARK [1][-]{pdf10.71.1}{Proposition 10.71}{book10.0}% 366
\BOOKMARK [1][-]{pdf10.72.1}{Proposition 10.72}{book10.0}% 367
\BOOKMARK [1][-]{pdf10.73.1}{Proposition 10.73}{book10.0}% 368
\BOOKMARK [1][-]{pdf10.74.1}{Proposition 10.74}{book10.0}% 369
\BOOKMARK [1][-]{pdf10.75.1}{Proposition 10.75}{book10.0}% 370
\BOOKMARK [1][-]{pdf10.76.1}{Proposition 10.76}{book10.0}% 371
\BOOKMARK [1][-]{pdf10.77.1}{Proposition 10.77}{book10.0}% 372
\BOOKMARK [1][-]{pdf10.78.1}{Proposition 10.78}{book10.0}% 373
\BOOKMARK [1][-]{pdf10.79.1}{Proposition 10.79}{book10.0}% 374
\BOOKMARK [1][-]{pdf10.80.1}{Proposition 10.80}{book10.0}% 375
\BOOKMARK [1][-]{pdf10.81.1}{Proposition 10.81}{book10.0}% 376
\BOOKMARK [1][-]{pdf10.82.1}{Proposition 10.82}{book10.0}% 377
\BOOKMARK [1][-]{pdf10.83.1}{Proposition 10.83}{book10.0}% 378
\BOOKMARK [1][-]{pdf10.84.1}{Proposition 10.84}{book10.0}% 379
\BOOKMARK [1][-]{def10.3.1}{Definitions III}{book10.0}% 380
\BOOKMARK [1][-]{pdf10.85.1}{Proposition 10.85}{book10.0}% 381
\BOOKMARK [1][-]{pdf10.86.1}{Proposition 10.86}{book10.0}% 382
\BOOKMARK [1][-]{pdf10.87.1}{Proposition 10.87}{book10.0}% 383
\BOOKMARK [1][-]{pdf10.88.1}{Proposition 10.88}{book10.0}% 384
\BOOKMARK [1][-]{pdf10.89.1}{Proposition 10.89}{book10.0}% 385
\BOOKMARK [1][-]{pdf10.90.1}{Proposition 10.90}{book10.0}% 386
\BOOKMARK [1][-]{pdf10.91.1}{Proposition 10.91}{book10.0}% 387
\BOOKMARK [1][-]{pdf10.92.1}{Proposition 10.92}{book10.0}% 388
\BOOKMARK [1][-]{pdf10.93.1}{Proposition 10.93}{book10.0}% 389
\BOOKMARK [1][-]{pdf10.94.1}{Proposition 10.94}{book10.0}% 390
\BOOKMARK [1][-]{pdf10.95.1}{Proposition 10.95}{book10.0}% 391
\BOOKMARK [1][-]{pdf10.96.1}{Proposition 10.96}{book10.0}% 392
\BOOKMARK [1][-]{pdf10.97.1}{Proposition 10.97}{book10.0}% 393
\BOOKMARK [1][-]{pdf10.98.1}{Proposition 10.98}{book10.0}% 394
\BOOKMARK [1][-]{pdf10.99.1}{Proposition 10.99}{book10.0}% 395
\BOOKMARK [1][-]{pdf10.100.1}{Proposition 10.100}{book10.0}% 396
\BOOKMARK [1][-]{pdf10.101.1}{Proposition 10.101}{book10.0}% 397
\BOOKMARK [1][-]{pdf10.102.1}{Proposition 10.102}{book10.0}% 398
\BOOKMARK [1][-]{pdf10.103.1}{Proposition 10.103}{book10.0}% 399
\BOOKMARK [1][-]{pdf10.104.1}{Proposition 10.104}{book10.0}% 400
\BOOKMARK [1][-]{pdf10.105.1}{Proposition 10.105}{book10.0}% 401
\BOOKMARK [1][-]{pdf10.106.1}{Proposition 10.106}{book10.0}% 402
\BOOKMARK [1][-]{pdf10.107.1}{Proposition 10.107}{book10.0}% 403
\BOOKMARK [1][-]{pdf10.108.1}{Proposition 10.108}{book10.0}% 404
\BOOKMARK [1][-]{pdf10.109.1}{Proposition 10.109}{book10.0}% 405
\BOOKMARK [1][-]{pdf10.110.1}{Proposition 10.110}{book10.0}% 406
\BOOKMARK [1][-]{pdf10.111.1}{Proposition 10.111}{book10.0}% 407
\BOOKMARK [1][-]{pdf10.112.1}{Proposition 10.112}{book10.0}% 408
\BOOKMARK [1][-]{pdf10.113.1}{Proposition 10.113}{book10.0}% 409
\BOOKMARK [1][-]{pdf10.114.1}{Proposition 10.114}{book10.0}% 410
\BOOKMARK [1][-]{pdf10.115.1}{Proposition 10.115}{book10.0}% 411
\BOOKMARK [0][-]{book11.0}{Book 11}{}% 412
\BOOKMARK [1][-]{def11.1}{Definitions}{book11.0}% 413
\BOOKMARK [1][-]{pdf11.1.1}{Proposition 11.1}{book11.0}% 414
\BOOKMARK [1][-]{pdf11.2.1}{Proposition 11.2}{book11.0}% 415
\BOOKMARK [1][-]{pdf11.3.1}{Proposition 11.3}{book11.0}% 416
\BOOKMARK [1][-]{pdf11.4.1}{Proposition 11.4}{book11.0}% 417
\BOOKMARK [1][-]{pdf11.5.1}{Proposition 11.5}{book11.0}% 418
\BOOKMARK [1][-]{pdf11.6.1}{Proposition 11.6}{book11.0}% 419
\BOOKMARK [1][-]{pdf11.7.1}{Proposition 11.7}{book11.0}% 420
\BOOKMARK [1][-]{pdf11.8.1}{Proposition 11.8}{book11.0}% 421
\BOOKMARK [1][-]{pdf11.9.1}{Proposition 11.9}{book11.0}% 422
\BOOKMARK [1][-]{pdf11.10.1}{Proposition 11.10}{book11.0}% 423
\BOOKMARK [1][-]{pdf11.11.1}{Proposition 11.11}{book11.0}% 424
\BOOKMARK [1][-]{pdf11.12.1}{Proposition 11.12}{book11.0}% 425
\BOOKMARK [1][-]{pdf11.13.1}{Proposition 11.13}{book11.0}% 426
\BOOKMARK [1][-]{pdf11.14.1}{Proposition 11.14}{book11.0}% 427
\BOOKMARK [1][-]{pdf11.15.1}{Proposition 11.15}{book11.0}% 428
\BOOKMARK [1][-]{pdf11.16.1}{Proposition 11.16}{book11.0}% 429
\BOOKMARK [1][-]{pdf11.17.1}{Proposition 11.17}{book11.0}% 430
\BOOKMARK [1][-]{pdf11.18.1}{Proposition 11.18}{book11.0}% 431
\BOOKMARK [1][-]{pdf11.19.1}{Proposition 11.19}{book11.0}% 432
\BOOKMARK [1][-]{pdf11.20.1}{Proposition 11.20}{book11.0}% 433
\BOOKMARK [1][-]{pdf11.21.1}{Proposition 11.21}{book11.0}% 434
\BOOKMARK [1][-]{pdf11.22.1}{Proposition 11.22}{book11.0}% 435
\BOOKMARK [1][-]{pdf11.23.1}{Proposition 11.23}{book11.0}% 436
\BOOKMARK [1][-]{pdf11.24.1}{Proposition 11.24}{book11.0}% 437
\BOOKMARK [1][-]{pdf11.25.1}{Proposition 11.25}{book11.0}% 438
\BOOKMARK [1][-]{pdf11.26.1}{Proposition 11.26}{book11.0}% 439
\BOOKMARK [1][-]{pdf11.27.1}{Proposition 11.27}{book11.0}% 440
\BOOKMARK [1][-]{pdf11.28.1}{Proposition 11.28}{book11.0}% 441
\BOOKMARK [1][-]{pdf11.29.1}{Proposition 11.29}{book11.0}% 442
\BOOKMARK [1][-]{pdf11.30.1}{Proposition 11.30}{book11.0}% 443
\BOOKMARK [1][-]{pdf11.31.1}{Proposition 11.31}{book11.0}% 444
\BOOKMARK [1][-]{pdf11.32.1}{Proposition 11.32}{book11.0}% 445
\BOOKMARK [1][-]{pdf11.33.1}{Proposition 11.33}{book11.0}% 446
\BOOKMARK [1][-]{pdf11.34.1}{Proposition 11.34}{book11.0}% 447
\BOOKMARK [1][-]{pdf11.35.1}{Proposition 11.35}{book11.0}% 448
\BOOKMARK [1][-]{pdf11.36.1}{Proposition 11.36}{book11.0}% 449
\BOOKMARK [1][-]{pdf11.37.1}{Proposition 11.37}{book11.0}% 450
\BOOKMARK [1][-]{pdf11.38.1}{Proposition 11.38}{book11.0}% 451
\BOOKMARK [1][-]{pdf11.39.1}{Proposition 11.39}{book11.0}% 452
\BOOKMARK [0][-]{book12.0}{Book 12}{}% 453
\BOOKMARK [1][-]{pdf12.1.1}{Proposition 12.1}{book12.0}% 454
\BOOKMARK [1][-]{pdf12.2.1}{Proposition 12.2}{book12.0}% 455
\BOOKMARK [1][-]{pdf12.3.1}{Proposition 12.3}{book12.0}% 456
\BOOKMARK [1][-]{pdf12.4.1}{Proposition 12.4}{book12.0}% 457
\BOOKMARK [1][-]{pdf12.5.1}{Proposition 12.5}{book12.0}% 458
\BOOKMARK [1][-]{pdf12.6.1}{Proposition 12.6}{book12.0}% 459
\BOOKMARK [1][-]{pdf12.7.1}{Proposition 12.7}{book12.0}% 460
\BOOKMARK [1][-]{pdf12.8.1}{Proposition 12.8}{book12.0}% 461
\BOOKMARK [1][-]{pdf12.9.1}{Proposition 12.9}{book12.0}% 462
\BOOKMARK [1][-]{pdf12.10.1}{Proposition 12.10}{book12.0}% 463
\BOOKMARK [1][-]{pdf12.11.1}{Proposition 12.11}{book12.0}% 464
\BOOKMARK [1][-]{pdf12.12.1}{Proposition 12.12}{book12.0}% 465
\BOOKMARK [1][-]{pdf12.13.1}{Proposition 12.13}{book12.0}% 466
\BOOKMARK [1][-]{pdf12.14.1}{Proposition 12.14}{book12.0}% 467
\BOOKMARK [1][-]{pdf12.15.1}{Proposition 12.15}{book12.0}% 468
\BOOKMARK [1][-]{pdf12.16.1}{Proposition 12.16}{book12.0}% 469
\BOOKMARK [1][-]{pdf12.17.1}{Proposition 12.17}{book12.0}% 470
\BOOKMARK [1][-]{pdf12.18.1}{Proposition 12.18}{book12.0}% 471
\BOOKMARK [0][-]{book13.0}{Book 13}{}% 472
\BOOKMARK [1][-]{pdf13.1.1}{Proposition 13.1}{book13.0}% 473
\BOOKMARK [1][-]{pdf13.2.1}{Proposition 13.2}{book13.0}% 474
\BOOKMARK [1][-]{pdf13.3.1}{Proposition 13.3}{book13.0}% 475
\BOOKMARK [1][-]{pdf13.4.1}{Proposition 13.4}{book13.0}% 476
\BOOKMARK [1][-]{pdf13.5.1}{Proposition 13.5}{book13.0}% 477
\BOOKMARK [1][-]{pdf13.6.1}{Proposition 13.6}{book13.0}% 478
\BOOKMARK [1][-]{pdf13.7.1}{Proposition 13.7}{book13.0}% 479
\BOOKMARK [1][-]{pdf13.8.1}{Proposition 13.8}{book13.0}% 480
\BOOKMARK [1][-]{pdf13.9.1}{Proposition 13.9}{book13.0}% 481
\BOOKMARK [1][-]{pdf13.10.1}{Proposition 13.10}{book13.0}% 482
\BOOKMARK [1][-]{pdf13.11.1}{Proposition 13.11}{book13.0}% 483
\BOOKMARK [1][-]{pdf13.12.1}{Proposition 13.12}{book13.0}% 484
\BOOKMARK [1][-]{pdf13.13.1}{Proposition 13.13}{book13.0}% 485
\BOOKMARK [1][-]{pdf13.14.1}{Proposition 13.14}{book13.0}% 486
\BOOKMARK [1][-]{pdf13.15.1}{Proposition 13.15}{book13.0}% 487
\BOOKMARK [1][-]{pdf13.16.1}{Proposition 13.16}{book13.0}% 488
\BOOKMARK [1][-]{pdf13.17.1}{Proposition 13.17}{book13.0}% 489
\BOOKMARK [1][-]{pdf13.18.1}{Proposition 13.18}{book13.0}% 490
\BOOKMARK [0][-]{lex.0}{Greek-English Lexicon}{}% 491
